{"D:\\Projects\\Redux\\redux-starter\\src\\math.js": {"path":"D:\\Projects\\Redux\\redux-starter\\src\\math.js","statementMap":{"0":{"start":{"line":1,"column":22},"end":{"line":1,"column":50}},"1":{"start":{"line":1,"column":34},"end":{"line":1,"column":50}}},"fnMap":{"0":{"name":"(anonymous_0)","decl":{"start":{"line":1,"column":22},"end":{"line":1,"column":23}},"loc":{"start":{"line":1,"column":34},"end":{"line":1,"column":50}},"line":1}},"branchMap":{},"s":{"0":1,"1":2},"f":{"0":2},"b":{},"_coverageSchema":"1a1c01bbd47fc00a2c39e90264f33305004495a9","hash":"8dc386fae8cc325b9f1aaa10d80a7b659eadd5d9"}
,"D:\\Projects\\Redux\\redux-starter\\src\\store\\api.js": {"path":"D:\\Projects\\Redux\\redux-starter\\src\\store\\api.js","statementMap":{"0":{"start":{"line":3,"column":28},"end":{"line":3,"column":61}},"1":{"start":{"line":4,"column":30},"end":{"line":4,"column":61}},"2":{"start":{"line":5,"column":29},"end":{"line":5,"column":59}}},"fnMap":{},"branchMap":{},"s":{"0":1,"1":1,"2":1},"f":{},"b":{},"_coverageSchema":"1a1c01bbd47fc00a2c39e90264f33305004495a9","hash":"6a58a76f71b8bac1f0b2db03e733291d4d871643"}
,"D:\\Projects\\Redux\\redux-starter\\src\\store\\bugs.js": {"path":"D:\\Projects\\Redux\\redux-starter\\src\\store\\bugs.js","statementMap":{"0":{"start":{"line":6,"column":13},"end":{"line":6,"column":14}},"1":{"start":{"line":9,"column":14},"end":{"line":46,"column":2}},"2":{"start":{"line":18,"column":12},"end":{"line":18,"column":34}},"3":{"start":{"line":21,"column":12},"end":{"line":21,"column":39}},"4":{"start":{"line":22,"column":12},"end":{"line":22,"column":35}},"5":{"start":{"line":23,"column":12},"end":{"line":23,"column":40}},"6":{"start":{"line":26,"column":12},"end":{"line":26,"column":35}},"7":{"start":{"line":29,"column":12},"end":{"line":29,"column":43}},"8":{"start":{"line":32,"column":26},"end":{"line":32,"column":82}},"9":{"start":{"line":32,"column":53},"end":{"line":32,"column":81}},"10":{"start":{"line":33,"column":12},"end":{"line":35,"column":13}},"11":{"start":{"line":34,"column":16},"end":{"line":34,"column":49}},"12":{"start":{"line":38,"column":12},"end":{"line":38,"column":73}},"13":{"start":{"line":38,"column":43},"end":{"line":38,"column":71}},"14":{"start":{"line":41,"column":42},"end":{"line":41,"column":56}},"15":{"start":{"line":42,"column":26},"end":{"line":42,"column":70}},"16":{"start":{"line":42,"column":53},"end":{"line":42,"column":69}},"17":{"start":{"line":43,"column":12},"end":{"line":43,"column":45}},"18":{"start":{"line":48,"column":108},"end":{"line":48,"column":121}},"19":{"start":{"line":52,"column":12},"end":{"line":52,"column":19}},"20":{"start":{"line":54,"column":24},"end":{"line":73,"column":1}},"21":{"start":{"line":54,"column":30},"end":{"line":73,"column":1}},"22":{"start":{"line":55,"column":26},"end":{"line":55,"column":50}},"23":{"start":{"line":59,"column":21},"end":{"line":59,"column":64}},"24":{"start":{"line":61,"column":4},"end":{"line":61,"column":30}},"25":{"start":{"line":61,"column":23},"end":{"line":61,"column":30}},"26":{"start":{"line":63,"column":4},"end":{"line":72,"column":5}},"27":{"start":{"line":75,"column":22},"end":{"line":80,"column":2}},"28":{"start":{"line":75,"column":31},"end":{"line":80,"column":2}},"29":{"start":{"line":82,"column":26},"end":{"line":87,"column":2}},"30":{"start":{"line":82,"column":34},"end":{"line":87,"column":2}},"31":{"start":{"line":89,"column":31},"end":{"line":95,"column":6}},"32":{"start":{"line":90,"column":4},"end":{"line":95,"column":6}},"33":{"start":{"line":103,"column":33},"end":{"line":106,"column":1}},"34":{"start":{"line":104,"column":13},"end":{"line":104,"column":32}},"35":{"start":{"line":105,"column":12},"end":{"line":105,"column":50}},"36":{"start":{"line":105,"column":36},"end":{"line":105,"column":49}},"37":{"start":{"line":108,"column":29},"end":{"line":111,"column":1}},"38":{"start":{"line":108,"column":41},"end":{"line":111,"column":1}},"39":{"start":{"line":109,"column":13},"end":{"line":109,"column":32}},"40":{"start":{"line":110,"column":12},"end":{"line":110,"column":58}},"41":{"start":{"line":110,"column":36},"end":{"line":110,"column":57}}},"fnMap":{"0":{"name":"(anonymous_0)","decl":{"start":{"line":17,"column":23},"end":{"line":17,"column":24}},"loc":{"start":{"line":17,"column":41},"end":{"line":19,"column":9}},"line":17},"1":{"name":"(anonymous_1)","decl":{"start":{"line":20,"column":22},"end":{"line":20,"column":23}},"loc":{"start":{"line":20,"column":40},"end":{"line":24,"column":9}},"line":20},"2":{"name":"(anonymous_2)","decl":{"start":{"line":25,"column":27},"end":{"line":25,"column":28}},"loc":{"start":{"line":25,"column":45},"end":{"line":27,"column":9}},"line":25},"3":{"name":"(anonymous_3)","decl":{"start":{"line":28,"column":18},"end":{"line":28,"column":19}},"loc":{"start":{"line":28,"column":36},"end":{"line":30,"column":9}},"line":28},"4":{"name":"(anonymous_4)","decl":{"start":{"line":31,"column":21},"end":{"line":31,"column":22}},"loc":{"start":{"line":31,"column":39},"end":{"line":36,"column":9}},"line":31},"5":{"name":"(anonymous_5)","decl":{"start":{"line":32,"column":46},"end":{"line":32,"column":47}},"loc":{"start":{"line":32,"column":53},"end":{"line":32,"column":81}},"line":32},"6":{"name":"(anonymous_6)","decl":{"start":{"line":37,"column":20},"end":{"line":37,"column":21}},"loc":{"start":{"line":37,"column":38},"end":{"line":39,"column":9}},"line":37},"7":{"name":"(anonymous_7)","decl":{"start":{"line":38,"column":36},"end":{"line":38,"column":37}},"loc":{"start":{"line":38,"column":43},"end":{"line":38,"column":71}},"line":38},"8":{"name":"(anonymous_8)","decl":{"start":{"line":40,"column":27},"end":{"line":40,"column":28}},"loc":{"start":{"line":40,"column":45},"end":{"line":44,"column":9}},"line":40},"9":{"name":"(anonymous_9)","decl":{"start":{"line":42,"column":46},"end":{"line":42,"column":47}},"loc":{"start":{"line":42,"column":53},"end":{"line":42,"column":69}},"line":42},"10":{"name":"(anonymous_10)","decl":{"start":{"line":54,"column":24},"end":{"line":54,"column":25}},"loc":{"start":{"line":54,"column":30},"end":{"line":73,"column":1}},"line":54},"11":{"name":"(anonymous_11)","decl":{"start":{"line":54,"column":30},"end":{"line":54,"column":31}},"loc":{"start":{"line":54,"column":54},"end":{"line":73,"column":1}},"line":54},"12":{"name":"(anonymous_12)","decl":{"start":{"line":75,"column":22},"end":{"line":75,"column":23}},"loc":{"start":{"line":75,"column":31},"end":{"line":80,"column":2}},"line":75},"13":{"name":"(anonymous_13)","decl":{"start":{"line":82,"column":26},"end":{"line":82,"column":27}},"loc":{"start":{"line":82,"column":34},"end":{"line":87,"column":2}},"line":82},"14":{"name":"(anonymous_14)","decl":{"start":{"line":89,"column":31},"end":{"line":89,"column":32}},"loc":{"start":{"line":90,"column":4},"end":{"line":95,"column":6}},"line":90},"15":{"name":"(anonymous_15)","decl":{"start":{"line":104,"column":4},"end":{"line":104,"column":5}},"loc":{"start":{"line":104,"column":13},"end":{"line":104,"column":32}},"line":104},"16":{"name":"(anonymous_16)","decl":{"start":{"line":105,"column":4},"end":{"line":105,"column":5}},"loc":{"start":{"line":105,"column":12},"end":{"line":105,"column":50}},"line":105},"17":{"name":"(anonymous_17)","decl":{"start":{"line":105,"column":29},"end":{"line":105,"column":30}},"loc":{"start":{"line":105,"column":36},"end":{"line":105,"column":49}},"line":105},"18":{"name":"(anonymous_18)","decl":{"start":{"line":108,"column":29},"end":{"line":108,"column":30}},"loc":{"start":{"line":108,"column":41},"end":{"line":111,"column":1}},"line":108},"19":{"name":"(anonymous_19)","decl":{"start":{"line":109,"column":4},"end":{"line":109,"column":5}},"loc":{"start":{"line":109,"column":13},"end":{"line":109,"column":32}},"line":109},"20":{"name":"(anonymous_20)","decl":{"start":{"line":110,"column":4},"end":{"line":110,"column":5}},"loc":{"start":{"line":110,"column":12},"end":{"line":110,"column":58}},"line":110},"21":{"name":"(anonymous_21)","decl":{"start":{"line":110,"column":29},"end":{"line":110,"column":30}},"loc":{"start":{"line":110,"column":36},"end":{"line":110,"column":57}},"line":110}},"branchMap":{"0":{"loc":{"start":{"line":33,"column":12},"end":{"line":35,"column":13}},"type":"if","locations":[{"start":{"line":33,"column":12},"end":{"line":35,"column":13}},{"start":{},"end":{}}],"line":33},"1":{"loc":{"start":{"line":61,"column":4},"end":{"line":61,"column":30}},"type":"if","locations":[{"start":{"line":61,"column":4},"end":{"line":61,"column":30}},{"start":{},"end":{}}],"line":61}},"s":{"0":1,"1":1,"2":5,"3":4,"4":4,"5":4,"6":1,"7":2,"8":1,"9":1,"10":1,"11":1,"12":0,"13":0,"14":0,"15":0,"16":0,"17":0,"18":1,"19":1,"20":1,"21":6,"22":6,"23":6,"24":6,"25":1,"26":5,"27":1,"28":3,"29":1,"30":1,"31":1,"32":0,"33":1,"34":2,"35":1,"36":3,"37":1,"38":0,"39":0,"40":0,"41":0},"f":{"0":5,"1":4,"2":1,"3":2,"4":1,"5":1,"6":0,"7":0,"8":0,"9":0,"10":6,"11":6,"12":3,"13":1,"14":0,"15":2,"16":1,"17":3,"18":0,"19":0,"20":0,"21":0},"b":{"0":[1,0],"1":[1,5]},"_coverageSchema":"1a1c01bbd47fc00a2c39e90264f33305004495a9","hash":"8f5d9ea104164caf66b748624e684407492e6fd2"}
,"D:\\Projects\\Redux\\redux-starter\\src\\store\\entities.js": {"path":"D:\\Projects\\Redux\\redux-starter\\src\\store\\entities.js","statementMap":{},"fnMap":{},"branchMap":{},"s":{},"f":{},"b":{},"_coverageSchema":"1a1c01bbd47fc00a2c39e90264f33305004495a9","hash":"9713a5faa2d3531674b1275d480f1e3540cb60bf"}
,"D:\\Projects\\Redux\\redux-starter\\src\\store\\projects.js": {"path":"D:\\Projects\\Redux\\redux-starter\\src\\store\\projects.js","statementMap":{"0":{"start":{"line":4,"column":14},"end":{"line":16,"column":2}},"1":{"start":{"line":9,"column":12},"end":{"line":13,"column":15}},"2":{"start":{"line":18,"column":30},"end":{"line":18,"column":43}}},"fnMap":{"0":{"name":"(anonymous_0)","decl":{"start":{"line":8,"column":20},"end":{"line":8,"column":21}},"loc":{"start":{"line":8,"column":42},"end":{"line":14,"column":9}},"line":8}},"branchMap":{},"s":{"0":1,"1":0,"2":1},"f":{"0":0},"b":{},"_coverageSchema":"1a1c01bbd47fc00a2c39e90264f33305004495a9","hash":"566d42ab71e32e555b2edffa6ad2f0443e4e750f"}
,"D:\\Projects\\Redux\\redux-starter\\src\\store\\reducer.js": {"path":"D:\\Projects\\Redux\\redux-starter\\src\\store\\reducer.js","statementMap":{},"fnMap":{},"branchMap":{},"s":{},"f":{},"b":{},"_coverageSchema":"1a1c01bbd47fc00a2c39e90264f33305004495a9","hash":"8cfba1ccb0bcc0490221aaca31c3e11ce3372b56"}
,"D:\\Projects\\Redux\\redux-starter\\src\\store\\store.js": {"path":"D:\\Projects\\Redux\\redux-starter\\src\\store\\store.js","statementMap":{"0":{"start":{"line":8,"column":4},"end":{"line":16,"column":7}},"1":{"start":{"line":11,"column":12},"end":{"line":15,"column":13}}},"fnMap":{"0":{"name":"(anonymous_0)","decl":{"start":{"line":7,"column":15},"end":{"line":7,"column":16}},"loc":{"start":{"line":7,"column":27},"end":{"line":17,"column":1}},"line":7},"1":{"name":"(anonymous_1)","decl":{"start":{"line":10,"column":20},"end":{"line":10,"column":21}},"loc":{"start":{"line":11,"column":12},"end":{"line":15,"column":13}},"line":11}},"branchMap":{},"s":{"0":9,"1":9},"f":{"0":9,"1":9},"b":{},"_coverageSchema":"1a1c01bbd47fc00a2c39e90264f33305004495a9","hash":"fa5a73372d3715ce681cdb41aec12669da527f32"}
,"D:\\Projects\\Redux\\redux-starter\\src\\store\\users.js": {"path":"D:\\Projects\\Redux\\redux-starter\\src\\store\\users.js","statementMap":{"0":{"start":{"line":3,"column":13},"end":{"line":3,"column":14}},"1":{"start":{"line":5,"column":14},"end":{"line":16,"column":2}},"2":{"start":{"line":10,"column":12},"end":{"line":13,"column":15}},"3":{"start":{"line":18,"column":27},"end":{"line":18,"column":40}}},"fnMap":{"0":{"name":"(anonymous_0)","decl":{"start":{"line":9,"column":17},"end":{"line":9,"column":18}},"loc":{"start":{"line":9,"column":39},"end":{"line":14,"column":9}},"line":9}},"branchMap":{},"s":{"0":1,"1":1,"2":0,"3":1},"f":{"0":0},"b":{},"_coverageSchema":"1a1c01bbd47fc00a2c39e90264f33305004495a9","hash":"513c3cf4580e4a560ccde6be8d986082f6c90d0a"}
,"D:\\Projects\\Redux\\redux-starter\\src\\store\\middleware\\api.js": {"path":"D:\\Projects\\Redux\\redux-starter\\src\\store\\middleware\\api.js","statementMap":{"0":{"start":{"line":4,"column":12},"end":{"line":29,"column":1}},"1":{"start":{"line":4,"column":30},"end":{"line":29,"column":1}},"2":{"start":{"line":4,"column":38},"end":{"line":29,"column":1}},"3":{"start":{"line":6,"column":4},"end":{"line":8,"column":5}},"4":{"start":{"line":7,"column":8},"end":{"line":7,"column":28}},"5":{"start":{"line":10,"column":63},"end":{"line":10,"column":77}},"6":{"start":{"line":12,"column":4},"end":{"line":12,"column":45}},"7":{"start":{"line":12,"column":17},"end":{"line":12,"column":45}},"8":{"start":{"line":14,"column":4},"end":{"line":14,"column":17}},"9":{"start":{"line":16,"column":4},"end":{"line":28,"column":5}},"10":{"start":{"line":17,"column":25},"end":{"line":22,"column":10}},"11":{"start":{"line":23,"column":8},"end":{"line":23,"column":48}},"12":{"start":{"line":24,"column":8},"end":{"line":24,"column":77}},"13":{"start":{"line":24,"column":23},"end":{"line":24,"column":77}},"14":{"start":{"line":26,"column":8},"end":{"line":26,"column":47}},"15":{"start":{"line":27,"column":8},"end":{"line":27,"column":73}},"16":{"start":{"line":27,"column":21},"end":{"line":27,"column":73}}},"fnMap":{"0":{"name":"(anonymous_0)","decl":{"start":{"line":4,"column":12},"end":{"line":4,"column":13}},"loc":{"start":{"line":4,"column":30},"end":{"line":29,"column":1}},"line":4},"1":{"name":"(anonymous_1)","decl":{"start":{"line":4,"column":30},"end":{"line":4,"column":31}},"loc":{"start":{"line":4,"column":38},"end":{"line":29,"column":1}},"line":4},"2":{"name":"(anonymous_2)","decl":{"start":{"line":4,"column":38},"end":{"line":4,"column":39}},"loc":{"start":{"line":4,"column":54},"end":{"line":29,"column":1}},"line":4}},"branchMap":{"0":{"loc":{"start":{"line":6,"column":4},"end":{"line":8,"column":5}},"type":"if","locations":[{"start":{"line":6,"column":4},"end":{"line":8,"column":5}},{"start":{},"end":{}}],"line":6},"1":{"loc":{"start":{"line":12,"column":4},"end":{"line":12,"column":45}},"type":"if","locations":[{"start":{"line":12,"column":4},"end":{"line":12,"column":45}},{"start":{},"end":{}}],"line":12},"2":{"loc":{"start":{"line":24,"column":8},"end":{"line":24,"column":77}},"type":"if","locations":[{"start":{"line":24,"column":8},"end":{"line":24,"column":77}},{"start":{},"end":{}}],"line":24},"3":{"loc":{"start":{"line":27,"column":8},"end":{"line":27,"column":73}},"type":"if","locations":[{"start":{"line":27,"column":8},"end":{"line":27,"column":73}},{"start":{},"end":{}}],"line":27}},"s":{"0":1,"1":9,"2":9,"3":31,"4":22,"5":9,"6":9,"7":5,"8":9,"9":9,"10":9,"11":7,"12":7,"13":7,"14":2,"15":2,"16":1},"f":{"0":9,"1":9,"2":31},"b":{"0":[22,9],"1":[5,4],"2":[7,0],"3":[1,1]},"_coverageSchema":"1a1c01bbd47fc00a2c39e90264f33305004495a9","hash":"1cd1267f275ec201fa84f2937366f03551033601"}
,"D:\\Projects\\Redux\\redux-starter\\src\\store\\middleware\\func.js": {"path":"D:\\Projects\\Redux\\redux-starter\\src\\store\\middleware\\func.js","statementMap":{"0":{"start":{"line":3,"column":13},"end":{"line":7,"column":1}},"1":{"start":{"line":3,"column":41},"end":{"line":7,"column":1}},"2":{"start":{"line":3,"column":49},"end":{"line":7,"column":1}},"3":{"start":{"line":4,"column":4},"end":{"line":6,"column":33}},"4":{"start":{"line":5,"column":7},"end":{"line":5,"column":41}},"5":{"start":{"line":6,"column":12},"end":{"line":6,"column":31}}},"fnMap":{"0":{"name":"(anonymous_0)","decl":{"start":{"line":3,"column":13},"end":{"line":3,"column":14}},"loc":{"start":{"line":3,"column":41},"end":{"line":7,"column":1}},"line":3},"1":{"name":"(anonymous_1)","decl":{"start":{"line":3,"column":41},"end":{"line":3,"column":42}},"loc":{"start":{"line":3,"column":49},"end":{"line":7,"column":1}},"line":3},"2":{"name":"(anonymous_2)","decl":{"start":{"line":3,"column":49},"end":{"line":3,"column":50}},"loc":{"start":{"line":3,"column":59},"end":{"line":7,"column":1}},"line":3}},"branchMap":{"0":{"loc":{"start":{"line":4,"column":4},"end":{"line":6,"column":33}},"type":"if","locations":[{"start":{"line":4,"column":4},"end":{"line":6,"column":33}},{"start":{"line":6,"column":11},"end":{"line":6,"column":33}}],"line":4}},"s":{"0":1,"1":9,"2":9,"3":31,"4":0,"5":31},"f":{"0":9,"1":9,"2":31},"b":{"0":[0,31]},"_coverageSchema":"1a1c01bbd47fc00a2c39e90264f33305004495a9","hash":"5c03543058265e255cb6fe9062bde3fd39d5a9d4"}
,"D:\\Projects\\Redux\\redux-starter\\src\\store\\middleware\\logger.js": {"path":"D:\\Projects\\Redux\\redux-starter\\src\\store\\middleware\\logger.js","statementMap":{"0":{"start":{"line":1,"column":15},"end":{"line":4,"column":1}},"1":{"start":{"line":1,"column":24},"end":{"line":4,"column":1}},"2":{"start":{"line":1,"column":33},"end":{"line":4,"column":1}},"3":{"start":{"line":1,"column":41},"end":{"line":4,"column":1}},"4":{"start":{"line":3,"column":4},"end":{"line":3,"column":23}}},"fnMap":{"0":{"name":"(anonymous_0)","decl":{"start":{"line":1,"column":15},"end":{"line":1,"column":16}},"loc":{"start":{"line":1,"column":24},"end":{"line":4,"column":1}},"line":1},"1":{"name":"(anonymous_1)","decl":{"start":{"line":1,"column":24},"end":{"line":1,"column":25}},"loc":{"start":{"line":1,"column":33},"end":{"line":4,"column":1}},"line":1},"2":{"name":"(anonymous_2)","decl":{"start":{"line":1,"column":33},"end":{"line":1,"column":34}},"loc":{"start":{"line":1,"column":41},"end":{"line":4,"column":1}},"line":1},"3":{"name":"(anonymous_3)","decl":{"start":{"line":1,"column":41},"end":{"line":1,"column":42}},"loc":{"start":{"line":1,"column":51},"end":{"line":4,"column":1}},"line":1}},"branchMap":{},"s":{"0":1,"1":9,"2":9,"3":9,"4":31},"f":{"0":9,"1":9,"2":9,"3":31},"b":{},"_coverageSchema":"1a1c01bbd47fc00a2c39e90264f33305004495a9","hash":"b0b670dd4e89d0162ac14bc31baaeedee27fa3bc"}
}
