TN:
SF:src\math.js
FN:1,(anonymous_0)
FNF:1
FNH:1
FNDA:2,(anonymous_0)
DA:1,2
LF:1
LH:1
BRF:0
BRH:0
end_of_record
TN:
SF:src\store\api.js
FNF:0
FNH:0
DA:3,1
DA:4,1
DA:5,1
LF:3
LH:3
BRF:0
BRH:0
end_of_record
TN:
SF:src\store\bugs.js
FN:17,(anonymous_0)
FN:20,(anonymous_1)
FN:25,(anonymous_2)
FN:28,(anonymous_3)
FN:31,(anonymous_4)
FN:32,(anonymous_5)
FN:37,(anonymous_6)
FN:38,(anonymous_7)
FN:40,(anonymous_8)
FN:42,(anonymous_9)
FN:54,(anonymous_10)
FN:54,(anonymous_11)
FN:75,(anonymous_12)
FN:82,(anonymous_13)
FN:89,(anonymous_14)
FN:104,(anonymous_15)
FN:105,(anonymous_16)
FN:105,(anonymous_17)
FN:108,(anonymous_18)
FN:109,(anonymous_19)
FN:110,(anonymous_20)
FN:110,(anonymous_21)
FNF:22
FNH:13
FNDA:5,(anonymous_0)
FNDA:4,(anonymous_1)
FNDA:1,(anonymous_2)
FNDA:2,(anonymous_3)
FNDA:1,(anonymous_4)
FNDA:1,(anonymous_5)
FNDA:0,(anonymous_6)
FNDA:0,(anonymous_7)
FNDA:0,(anonymous_8)
FNDA:0,(anonymous_9)
FNDA:6,(anonymous_10)
FNDA:6,(anonymous_11)
FNDA:3,(anonymous_12)
FNDA:1,(anonymous_13)
FNDA:0,(anonymous_14)
FNDA:2,(anonymous_15)
FNDA:1,(anonymous_16)
FNDA:3,(anonymous_17)
FNDA:0,(anonymous_18)
FNDA:0,(anonymous_19)
FNDA:0,(anonymous_20)
FNDA:0,(anonymous_21)
DA:6,1
DA:9,1
DA:18,5
DA:21,4
DA:22,4
DA:23,4
DA:26,1
DA:29,2
DA:32,1
DA:33,1
DA:34,1
DA:38,0
DA:41,0
DA:42,0
DA:43,0
DA:48,1
DA:52,1
DA:54,6
DA:55,6
DA:59,6
DA:61,6
DA:63,5
DA:75,3
DA:82,1
DA:89,1
DA:90,0
DA:103,1
DA:104,2
DA:105,3
DA:108,1
DA:109,0
DA:110,0
LF:32
LH:25
BRDA:33,0,0,1
BRDA:33,0,1,0
BRDA:61,1,0,1
BRDA:61,1,1,5
BRF:4
BRH:3
end_of_record
TN:
SF:src\store\entities.js
FNF:0
FNH:0
LF:0
LH:0
BRF:0
BRH:0
end_of_record
TN:
SF:src\store\projects.js
FN:8,(anonymous_0)
FNF:1
FNH:0
FNDA:0,(anonymous_0)
DA:4,1
DA:9,0
DA:18,1
LF:3
LH:2
BRF:0
BRH:0
end_of_record
TN:
SF:src\store\reducer.js
FNF:0
FNH:0
LF:0
LH:0
BRF:0
BRH:0
end_of_record
TN:
SF:src\store\store.js
FN:7,(anonymous_0)
FN:10,(anonymous_1)
FNF:2
FNH:2
FNDA:9,(anonymous_0)
FNDA:9,(anonymous_1)
DA:8,9
DA:11,9
LF:2
LH:2
BRF:0
BRH:0
end_of_record
TN:
SF:src\store\users.js
FN:9,(anonymous_0)
FNF:1
FNH:0
FNDA:0,(anonymous_0)
DA:3,1
DA:5,1
DA:10,0
DA:18,1
LF:4
LH:3
BRF:0
BRH:0
end_of_record
TN:
SF:src\store\middleware\api.js
FN:4,(anonymous_0)
FN:4,(anonymous_1)
FN:4,(anonymous_2)
FNF:3
FNH:3
FNDA:9,(anonymous_0)
FNDA:9,(anonymous_1)
FNDA:31,(anonymous_2)
DA:4,9
DA:6,31
DA:7,22
DA:10,9
DA:12,9
DA:14,9
DA:16,9
DA:17,9
DA:23,7
DA:24,7
DA:26,2
DA:27,2
LF:12
LH:12
BRDA:6,0,0,22
BRDA:6,0,1,9
BRDA:12,1,0,5
BRDA:12,1,1,4
BRDA:24,2,0,7
BRDA:24,2,1,0
BRDA:27,3,0,1
BRDA:27,3,1,1
BRF:8
BRH:7
end_of_record
TN:
SF:src\store\middleware\func.js
FN:3,(anonymous_0)
FN:3,(anonymous_1)
FN:3,(anonymous_2)
FNF:3
FNH:3
FNDA:9,(anonymous_0)
FNDA:9,(anonymous_1)
FNDA:31,(anonymous_2)
DA:3,9
DA:4,31
DA:5,0
DA:6,31
LF:4
LH:3
BRDA:4,0,0,0
BRDA:4,0,1,31
BRF:2
BRH:1
end_of_record
TN:
SF:src\store\middleware\logger.js
FN:1,(anonymous_0)
FN:1,(anonymous_1)
FN:1,(anonymous_2)
FN:1,(anonymous_3)
FNF:4
FNH:4
FNDA:9,(anonymous_0)
FNDA:9,(anonymous_1)
FNDA:9,(anonymous_2)
FNDA:31,(anonymous_3)
DA:1,9
DA:3,31
LF:2
LH:2
BRF:0
BRH:0
end_of_record
